
declare i32 @printf (i8*, ...)

@.zero_div = constant [24 x i8] c"Error division by zero\0A\00"

@.int_specifier = constant [4 x i8] c"%d\0A\00"
define void @printi (i32) {
  call i32 (i8*, ...) @printf(i8* getelementptr ([4 x i8], [4 x i8]* @.int_specifier, i32 0, i32 0), i32 %0)
  ret void
}

@.str_specifier = constant [4 x i8] c "%s\0A\00"
define void @print (i8 *) {
  call i32(i8 *, ...) @printf(i8 * getelementptr([4 x i8], [4 x i8] * @.str_specifier, i32 0, i32 0), i8 * %0)
  ret void
}

declare void @exit (i32)
define void @main() {
entry:
%fp = alloca [50 x i32]
%var0 = trunc i32 5 to i8
%var1 = zext i8 %var0 to i32
%var3 = getelementptr [50 x i32], [50 x i32]* %fp, i32 0 , i32 0
store i32 %var1 , i32* %var3
br label %label_8
label_8:

%var4 = getelementptr [50 x i32], [50 x i32]* %fp, i32 0 , i32 0
%var5 = load i32, i32* %var4
%var6 = trunc i32 %var5 to i8
br label %label_13
label_13:
%var8 = add i8 0,%var6
%var9 = trunc i32 3 to i8
%var7 = add i8 %var8, %var9
%var10 = zext i8 %var7 to i32
%var11 = icmp eq i32 %var10, 8
%var12 = zext i1 %var11 to i32
br i1 %var11 , label %label_22 , label %label_32
br label %label_22
label_22:
br label %label_24
label_24:
call void @printi(i32 420)
br label %label_27
label_27:
br label %label_29
label_29:
br label %label_39
br label %label_32
label_32:
br label %label_34
label_34:
call void @printi(i32 4201)
br label %label_37
label_37:
br label %label_39
label_39:

%var13 = getelementptr [50 x i32], [50 x i32]* %fp, i32 0 , i32 0
%var14 = load i32, i32* %var13
%var15 = trunc i32 %var14 to i8
br label %label_44
label_44:
%var16 = zext i8 %var15 to i32
%var17 = add i32 %var16, 2
%var19 = getelementptr [50 x i32], [50 x i32]* %fp, i32 0 , i32 1
store i32 %var17 , i32* %var19
br label %label_50
label_50:

%var20 = getelementptr [50 x i32], [50 x i32]* %fp, i32 0 , i32 1
%var21 = load i32, i32* %var20
br label %label_54
label_54:
br label %label_56
label_56:
call void @printi(i32 %var21)
br label %label_59
label_59:

%var23 = getelementptr [50 x i32], [50 x i32]* %fp, i32 0 , i32 1
%var24 = load i32, i32* %var23
br label %label_63
label_63:
%var26 = trunc i32 %var24 to i8
%var27 = zext i8 %var26 to i32
%var29 = add i8 0,%var27
%var30 = trunc i32 3 to i8
%var28 = add i8 %var29, %var30
%var31 = zext i8 %var28 to i32
%var33 = trunc i32 10 to i8
%var34 = trunc i32 %var31 to i8
%var32 = mul i8 %var33, %var34
%var35 = zext i8 %var32 to i32
%var37 = getelementptr [50 x i32], [50 x i32]* %fp, i32 0 , i32 2
store i32 %var35 , i32* %var37
br label %label_77
label_77:

%var38 = getelementptr [50 x i32], [50 x i32]* %fp, i32 0 , i32 2
%var39 = load i32, i32* %var38
%var40 = trunc i32 %var39 to i8
br label %label_82
label_82:
br label %label_84
label_84:
call void @printi(i32 %var40)
br label %label_87
label_87:
ret void
}
